<?xml version="1.0" encoding="UTF-8"?>
<robot generator="Robot 5.0.1 (Python 3.10.5 on win32)" generated="20220704 22:29:57.712" rpa="false" schemaversion="3">
<suite id="s1" name="Mesa20" source="C:\Users\Nicholas\Documents\GitHub\bagdonicao\Testing\primeiro bimestre\aula20\mesa20.robot">
<test id="s1-t1" name="Abrir o site da loja Sauce demo" line="6">
<kw name="Abrir o site da loja Sauce demo" library="mesa20">
<kw name="Open Browser" library="SeleniumLibrary">
<arg>${SITE}</arg>
<arg>${NAVEGADOR}</arg>
<doc>Opens a new browser instance to the optional ``url``.</doc>
<msg timestamp="20220704 22:29:57.891" level="INFO">Opening browser 'Chrome' to base url 'https://www.saucedemo.com'.</msg>
<status status="PASS" starttime="20220704 22:29:57.891" endtime="20220704 22:29:59.755"/>
</kw>
<kw name="Maximize Browser Window" library="SeleniumLibrary">
<doc>Maximizes current browser window.</doc>
<status status="PASS" starttime="20220704 22:29:59.755" endtime="20220704 22:29:59.876"/>
</kw>
<status status="PASS" starttime="20220704 22:29:57.891" endtime="20220704 22:29:59.876"/>
</kw>
<kw name="Fazer login" library="mesa20">
<kw name="Input Text" library="SeleniumLibrary">
<arg>${CAMPO_USUARIO}</arg>
<arg>${USUARIO}</arg>
<doc>Types the given ``text`` into the text field identified by ``locator``.</doc>
<msg timestamp="20220704 22:29:59.877" level="INFO">Typing text 'standard_user' into text field 'user-name'.</msg>
<status status="PASS" starttime="20220704 22:29:59.877" endtime="20220704 22:29:59.938"/>
</kw>
<kw name="Input Text" library="SeleniumLibrary">
<arg>${CAMPO_SENHA}</arg>
<arg>${SENHA}</arg>
<doc>Types the given ``text`` into the text field identified by ``locator``.</doc>
<msg timestamp="20220704 22:29:59.938" level="INFO">Typing text 'secret_sauce' into text field 'password'.</msg>
<status status="PASS" starttime="20220704 22:29:59.938" endtime="20220704 22:29:59.999"/>
</kw>
<kw name="Click Element" library="SeleniumLibrary">
<arg>${BOTAO_LOGIN}</arg>
<doc>Click the element identified by ``locator``.</doc>
<msg timestamp="20220704 22:29:59.999" level="INFO">Clicking element 'login-button'.</msg>
<status status="PASS" starttime="20220704 22:29:59.999" endtime="20220704 22:30:00.071"/>
</kw>
<status status="PASS" starttime="20220704 22:29:59.876" endtime="20220704 22:30:00.072"/>
</kw>
<status status="PASS" starttime="20220704 22:29:57.890" endtime="20220704 22:30:00.072"/>
</test>
<status status="PASS" starttime="20220704 22:29:57.713" endtime="20220704 22:30:00.073"/>
</suite>
<statistics>
<total>
<stat pass="1" fail="0" skip="0">All Tests</stat>
</total>
<tag>
</tag>
<suite>
<stat pass="1" fail="0" skip="0" id="s1" name="Mesa20">Mesa20</stat>
</suite>
</statistics>
<errors>
</errors>
</robot>
