<?xml version="1.0" encoding="UTF-8"?>
<testsuite xmlns:xsi="http://www.w3.org/2001/XMLSchema-instance" xsi:noNamespaceSchemaLocation="https://maven.apache.org/surefire/maven-surefire-plugin/xsd/surefire-test-report-3.0.xsd" version="3.0" name="ProjetoTesteService.HotelServiceTest" time="0.216" tests="1" errors="0" skipped="0" failures="0">
  <properties>
[...]
</properties>
  <testcase name="salvarHotel" classname="ProjetoTesteService.HotelServiceTest" time="0.205">
    <system-err><![CDATA[ago. 18, 2022 8:19:32 PM ProjetoTesteMaven.dao.impl.HotelDAOH2 salvar
INFO: Registrando um novo hotel: Hotel{id=null, nome='Hotel Monte Verde', rua='Rua das Palmeiras', numero='1980', cidade='Curitiba', estado='PR', e5estrelas=false}
ago. 18, 2022 8:19:32 PM ProjetoTesteMaven.dao.impl.HotelDAOH2 salvar
INFO: Registrando um novo hotel: Hotel{id=null, nome='Hotel Monte Negro', rua='Rua dos Papagaios', numero='4857', cidade='Uberlandia', estado='MG', e5estrelas=true}
ago. 18, 2022 8:19:32 PM ProjetoTesteMaven.dao.impl.HotelDAOH2 salvar
INFO: Registrando um novo hotel: Hotel{id=null, nome='Hotel Palm Springs', rua='Rua Clemente Bastos', numero='657', cidade='Itapira', estado='SP', e5estrelas=true}
ago. 18, 2022 8:19:32 PM ProjetoTesteMaven.dao.impl.HotelDAOH2 salvar
INFO: Registrando um novo hotel: Hotel{id=null, nome='Hotel Pop Century', rua='Avenida Epitacio Pessoa', numero='865', cidade='Santos', estado='SP', e5estrelas=false}
ago. 18, 2022 8:19:32 PM ProjetoTesteMaven.dao.impl.HotelDAOH2 salvar
INFO: Registrando um novo hotel: Hotel{id=null, nome='Hotel Rosa dos Ventos', rua='Avenida Osvaldo Aranha', numero='800', cidade='Porto Alegre', estado='RS', e5estrelas=true}
]]></system-err>
  </testcase>
</testsuite>